<?xml version="1.0" encoding="UTF-8"?>
<testsuite xmlns:xsi="http://www.w3.org/2001/XMLSchema-instance" xsi:noNamespaceSchemaLocation="https://maven.apache.org/surefire/maven-failsafe-plugin/xsd/failsafe-test-report.xsd" name="com.noelia.automation.books.features.BooksRunner" time="2.652" tests="5" errors="0" skipped="4" failures="0">
  <properties>
[...]
</properties>
  <testcase name="Given Noelia wants to know about the BestSelling Books" classname="Scenario: Get Available Books" time="0">
    <skipped/>
    <system-out><![CDATA[Setting runtime options in createRuntime()
]]></system-out>
    <system-err><![CDATA[SLF4J: Failed to load class "org.slf4j.impl.StaticLoggerBinder".
SLF4J: Defaulting to no-operation (NOP) logger implementation
SLF4J: See http://www.slf4j.org/codes.html#StaticLoggerBinder for further details.
]]></system-err>
  </testcase>
  <testcase name="When She looks the BestSelling History" classname="Scenario: Get Available Books" time="0">
    <skipped/>
  </testcase>
  <testcase name="Then She must see the BestSelling History" classname="Scenario: Get Available Books" time="0">
    <skipped/>
  </testcase>
  <testcase name="Scenario: Get Available Books" classname="Scenario: Get Available Books" time="0">
    <skipped/>
  </testcase>
  <testcase name="Scenario: Get Available Books" classname="Scenario: Get Available Books" time="1.803"/>
</testsuite>